[2026-07-06 17:16:56 +0300] [3448] [INFO] [__main__] Запуск pipeline выгрузки отзывов WB
[2026-07-06 17:16:56 +0300] [3448] [INFO] [__main__] Артикулы в работе: [386248405, 147866642, 790254015]
[2026-07-06 17:16:56 +0300] [3448] [INFO] [__main__] ============================================================
[2026-07-06 17:16:56 +0300] [3448] [INFO] [__main__] Обработка артикула: 386248405
[2026-07-06 17:16:56 +0300] [3448] [INFO] [__main__] ============================================================
[2026-07-06 17:16:56 +0300] [3448] [INFO] [wb_service.wb_connector] Начинаю выгрузку отзывов для nmId=386248405
[2026-07-06 17:16:58 +0300] [3448] [DEBUG] [wb_service.wb_connector] Батч получен: 5000 отзывов. Всего накоплено: 5000
[2026-07-06 17:17:00 +0300] [3448] [DEBUG] [wb_service.wb_connector] Батч получен: 1401 отзывов. Всего накоплено: 6401
[2026-07-06 17:17:00 +0300] [3448] [INFO] [wb_service.wb_connector] Выгрузка завершена. nmId=386248405, всего отзывов: 6401
[2026-07-06 17:17:00 +0300] [3448] [INFO] [__main__] Фильтрация завершена: осталось 2786 отзывов из 6401 (43.5%)
[2026-07-06 17:17:00 +0300] [3448] [INFO] [__main__] N=2786 превышает порог 1000. Применяю стратифицированную выборку, целевой размер: 338
[2026-07-06 17:17:00 +0300] [3448] [INFO] [__main__] Распределение отзывов по стратам (оценкам):
[2026-07-06 17:17:00 +0300] [3448] [INFO] [__main__]   1★ :   145 (  5.2%)
[2026-07-06 17:17:00 +0300] [3448] [INFO] [__main__]   2★ :    52 (  1.9%)
[2026-07-06 17:17:00 +0300] [3448] [INFO] [__main__]   3★ :    94 (  3.4%)
[2026-07-06 17:17:00 +0300] [3448] [INFO] [__main__]   4★ :   167 (  6.0%)
[2026-07-06 17:17:00 +0300] [3448] [INFO] [__main__]   5★ :  2328 ( 83.6%)
[2026-07-06 17:17:00 +0300] [3448] [DEBUG] [__main__] Страта 1★: отобрано 18 из 145
[2026-07-06 17:17:00 +0300] [3448] [DEBUG] [__main__] Страта 2★: отобрано 6 из 52
[2026-07-06 17:17:00 +0300] [3448] [DEBUG] [__main__] Страта 3★: отобрано 11 из 94
[2026-07-06 17:17:00 +0300] [3448] [DEBUG] [__main__] Страта 4★: отобрано 20 из 167
[2026-07-06 17:17:00 +0300] [3448] [DEBUG] [__main__] Страта 5★: отобрано 282 из 2328
[2026-07-06 17:17:00 +0300] [3448] [INFO] [__main__] Итоговый размер выборки: 337
[2026-07-06 17:17:00 +0300] [3448] [INFO] [__main__] Файл сохранён: D:\Python\test_tasks\reviews_analysis\386248405_reviews.csv
[2026-07-06 17:17:00 +0300] [3448] [INFO] [__main__] ============================================================
[2026-07-06 17:17:00 +0300] [3448] [INFO] [__main__] Обработка артикула: 147866642
[2026-07-06 17:17:00 +0300] [3448] [INFO] [__main__] ============================================================
[2026-07-06 17:17:00 +0300] [3448] [INFO] [wb_service.wb_connector] Начинаю выгрузку отзывов для nmId=147866642
[2026-07-06 17:17:02 +0300] [3448] [DEBUG] [wb_service.wb_connector] Батч получен: 5000 отзывов. Всего накоплено: 5000
[2026-07-06 17:17:04 +0300] [3448] [DEBUG] [wb_service.wb_connector] Батч получен: 3709 отзывов. Всего накоплено: 8709
[2026-07-06 17:17:04 +0300] [3448] [INFO] [wb_service.wb_connector] Выгрузка завершена. nmId=147866642, всего отзывов: 8709
[2026-07-06 17:17:04 +0300] [3448] [INFO] [__main__] Фильтрация завершена: осталось 1832 отзывов из 8709 (21.0%)
[2026-07-06 17:17:04 +0300] [3448] [INFO] [__main__] N=1832 превышает порог 1000. Применяю стратифицированную выборку, целевой размер: 318
[2026-07-06 17:17:04 +0300] [3448] [INFO] [__main__] Распределение отзывов по стратам (оценкам):
[2026-07-06 17:17:04 +0300] [3448] [INFO] [__main__]   1★ :    70 (  3.8%)
[2026-07-06 17:17:04 +0300] [3448] [INFO] [__main__]   2★ :    23 (  1.3%)
[2026-07-06 17:17:04 +0300] [3448] [INFO] [__main__]   3★ :    83 (  4.5%)
[2026-07-06 17:17:04 +0300] [3448] [INFO] [__main__]   4★ :   158 (  8.6%)
[2026-07-06 17:17:04 +0300] [3448] [INFO] [__main__]   5★ :  1498 ( 81.8%)
[2026-07-06 17:17:04 +0300] [3448] [DEBUG] [__main__] Страта 1★: отобрано 12 из 70
[2026-07-06 17:17:04 +0300] [3448] [DEBUG] [__main__] Страта 2★: отобрано 4 из 23
[2026-07-06 17:17:04 +0300] [3448] [DEBUG] [__main__] Страта 3★: отобрано 14 из 83
[2026-07-06 17:17:04 +0300] [3448] [DEBUG] [__main__] Страта 4★: отобрано 27 из 158
[2026-07-06 17:17:04 +0300] [3448] [DEBUG] [__main__] Страта 5★: отобрано 260 из 1498
[2026-07-06 17:17:04 +0300] [3448] [INFO] [__main__] Итоговый размер выборки: 317
[2026-07-06 17:17:04 +0300] [3448] [INFO] [__main__] Файл сохранён: D:\Python\test_tasks\reviews_analysis\147866642_reviews.csv
[2026-07-06 17:17:04 +0300] [3448] [INFO] [__main__] ============================================================
[2026-07-06 17:17:04 +0300] [3448] [INFO] [__main__] Обработка артикула: 790254015
[2026-07-06 17:17:04 +0300] [3448] [INFO] [__main__] ============================================================
[2026-07-06 17:17:04 +0300] [3448] [INFO] [wb_service.wb_connector] Начинаю выгрузку отзывов для nmId=790254015
[2026-07-06 17:17:05 +0300] [3448] [DEBUG] [wb_service.wb_connector] Батч получен: 752 отзывов. Всего накоплено: 752
[2026-07-06 17:17:05 +0300] [3448] [INFO] [wb_service.wb_connector] Выгрузка завершена. nmId=790254015, всего отзывов: 752
[2026-07-06 17:17:05 +0300] [3448] [INFO] [__main__] Фильтрация завершена: осталось 334 отзывов из 752 (44.4%)
[2026-07-06 17:17:05 +0300] [3448] [INFO] [__main__] N=334 <= 1000. Беру все отзывы целиком.
[2026-07-06 17:17:05 +0300] [3448] [INFO] [__main__] Файл сохранён: D:\Python\test_tasks\reviews_analysis\790254015_reviews.csv
[2026-07-06 17:17:05 +0300] [3448] [INFO] [__main__] Pipeline завершён.
[2026-07-06 17:18:33 +0300] [8280] [INFO] [__main__] Запуск pipeline выгрузки отзывов WB
[2026-07-06 17:18:33 +0300] [8280] [INFO] [__main__] Артикулы в работе: [386248405, 147866642, 790254015]
[2026-07-06 17:18:33 +0300] [8280] [INFO] [__main__] ============================================================
[2026-07-06 17:18:33 +0300] [8280] [INFO] [__main__] Обработка артикула: 386248405
[2026-07-06 17:18:33 +0300] [8280] [INFO] [__main__] ============================================================
[2026-07-06 17:18:33 +0300] [8280] [INFO] [wb_service.wb_connector] Начинаю выгрузку отзывов для nmId=386248405
[2026-07-06 17:18:35 +0300] [8280] [DEBUG] [wb_service.wb_connector] Батч получен: 5000 отзывов. Всего накоплено: 5000
[2026-07-06 17:18:36 +0300] [8280] [DEBUG] [wb_service.wb_connector] Батч получен: 1401 отзывов. Всего накоплено: 6401
[2026-07-06 17:18:36 +0300] [8280] [INFO] [wb_service.wb_connector] Выгрузка завершена. nmId=386248405, всего отзывов: 6401
[2026-07-06 17:18:36 +0300] [8280] [INFO] [__main__] Фильтрация завершена: осталось 2786 отзывов из 6401 (43.5%)
[2026-07-06 17:18:36 +0300] [8280] [INFO] [__main__] N=2786 превышает порог 1000. Применяю стратифицированную выборку, целевой размер: 772
[2026-07-06 17:18:36 +0300] [8280] [INFO] [__main__] Распределение отзывов по стратам (оценкам):
[2026-07-06 17:18:36 +0300] [8280] [INFO] [__main__]   1★ :   145 (  5.2%)
[2026-07-06 17:18:36 +0300] [8280] [INFO] [__main__]   2★ :    52 (  1.9%)
[2026-07-06 17:18:36 +0300] [8280] [INFO] [__main__]   3★ :    94 (  3.4%)
[2026-07-06 17:18:36 +0300] [8280] [INFO] [__main__]   4★ :   167 (  6.0%)
[2026-07-06 17:18:36 +0300] [8280] [INFO] [__main__]   5★ :  2328 ( 83.6%)
[2026-07-06 17:18:36 +0300] [8280] [DEBUG] [__main__] Страта 1★: отобрано 40 из 145
[2026-07-06 17:18:36 +0300] [8280] [DEBUG] [__main__] Страта 2★: отобрано 14 из 52
[2026-07-06 17:18:36 +0300] [8280] [DEBUG] [__main__] Страта 3★: отобрано 26 из 94
[2026-07-06 17:18:36 +0300] [8280] [DEBUG] [__main__] Страта 4★: отобрано 46 из 167
[2026-07-06 17:18:36 +0300] [8280] [DEBUG] [__main__] Страта 5★: отобрано 645 из 2328
[2026-07-06 17:18:36 +0300] [8280] [INFO] [__main__] Итоговый размер выборки: 771
[2026-07-06 17:18:36 +0300] [8280] [INFO] [__main__] Файл сохранён: D:\Python\test_tasks\reviews_analysis\386248405_reviews.csv
[2026-07-06 17:18:36 +0300] [8280] [INFO] [__main__] ============================================================
[2026-07-06 17:18:36 +0300] [8280] [INFO] [__main__] Обработка артикула: 147866642
[2026-07-06 17:18:36 +0300] [8280] [INFO] [__main__] ============================================================
[2026-07-06 17:18:36 +0300] [8280] [INFO] [wb_service.wb_connector] Начинаю выгрузку отзывов для nmId=147866642
[2026-07-06 17:18:39 +0300] [8280] [DEBUG] [wb_service.wb_connector] Батч получен: 5000 отзывов. Всего накоплено: 5000
[2026-07-06 17:18:42 +0300] [8280] [DEBUG] [wb_service.wb_connector] Батч получен: 3709 отзывов. Всего накоплено: 8709
[2026-07-06 17:18:42 +0300] [8280] [INFO] [wb_service.wb_connector] Выгрузка завершена. nmId=147866642, всего отзывов: 8709
[2026-07-06 17:18:42 +0300] [8280] [INFO] [__main__] Фильтрация завершена: осталось 1832 отзывов из 8709 (21.0%)
[2026-07-06 17:18:42 +0300] [8280] [INFO] [__main__] N=1832 превышает порог 1000. Применяю стратифицированную выборку, целевой размер: 675
[2026-07-06 17:18:42 +0300] [8280] [INFO] [__main__] Распределение отзывов по стратам (оценкам):
[2026-07-06 17:18:42 +0300] [8280] [INFO] [__main__]   1★ :    70 (  3.8%)
[2026-07-06 17:18:42 +0300] [8280] [INFO] [__main__]   2★ :    23 (  1.3%)
[2026-07-06 17:18:42 +0300] [8280] [INFO] [__main__]   3★ :    83 (  4.5%)
[2026-07-06 17:18:42 +0300] [8280] [INFO] [__main__]   4★ :   158 (  8.6%)
[2026-07-06 17:18:42 +0300] [8280] [INFO] [__main__]   5★ :  1498 ( 81.8%)
[2026-07-06 17:18:42 +0300] [8280] [DEBUG] [__main__] Страта 1★: отобрано 26 из 70
[2026-07-06 17:18:42 +0300] [8280] [DEBUG] [__main__] Страта 2★: отобрано 8 из 23
[2026-07-06 17:18:42 +0300] [8280] [DEBUG] [__main__] Страта 3★: отобрано 31 из 83
[2026-07-06 17:18:42 +0300] [8280] [DEBUG] [__main__] Страта 4★: отобрано 58 из 158
[2026-07-06 17:18:42 +0300] [8280] [DEBUG] [__main__] Страта 5★: отобрано 552 из 1498
[2026-07-06 17:18:42 +0300] [8280] [INFO] [__main__] Итоговый размер выборки: 675
[2026-07-06 17:18:42 +0300] [8280] [INFO] [__main__] Файл сохранён: D:\Python\test_tasks\reviews_analysis\147866642_reviews.csv
[2026-07-06 17:18:42 +0300] [8280] [INFO] [__main__] ============================================================
[2026-07-06 17:18:42 +0300] [8280] [INFO] [__main__] Обработка артикула: 790254015
[2026-07-06 17:18:42 +0300] [8280] [INFO] [__main__] ============================================================
[2026-07-06 17:18:42 +0300] [8280] [INFO] [wb_service.wb_connector] Начинаю выгрузку отзывов для nmId=790254015
[2026-07-06 17:18:48 +0300] [8280] [DEBUG] [wb_service.wb_connector] Батч получен: 752 отзывов. Всего накоплено: 752
[2026-07-06 17:18:48 +0300] [8280] [INFO] [wb_service.wb_connector] Выгрузка завершена. nmId=790254015, всего отзывов: 752
[2026-07-06 17:18:48 +0300] [8280] [INFO] [__main__] Фильтрация завершена: осталось 334 отзывов из 752 (44.4%)
[2026-07-06 17:18:48 +0300] [8280] [INFO] [__main__] N=334 <= 1000. Беру все отзывы целиком.
[2026-07-06 17:18:48 +0300] [8280] [INFO] [__main__] Файл сохранён: D:\Python\test_tasks\reviews_analysis\790254015_reviews.csv
[2026-07-06 17:18:48 +0300] [8280] [INFO] [__main__] Pipeline завершён.
[2026-07-06 17:23:34 +0300] [6272] [INFO] [__main__] Запуск pipeline выгрузки отзывов WB
[2026-07-06 17:23:34 +0300] [6272] [INFO] [__main__] Артикулы в работе: [386248405, 147866642, 790254015]
[2026-07-06 17:23:34 +0300] [6272] [INFO] [__main__] ============================================================
[2026-07-06 17:23:34 +0300] [6272] [INFO] [__main__] Обработка артикула: 386248405
[2026-07-06 17:23:34 +0300] [6272] [INFO] [__main__] ============================================================
[2026-07-06 17:23:34 +0300] [6272] [INFO] [wb_service.wb_connector] Начинаю выгрузку отзывов для nmId=386248405
[2026-07-06 17:23:36 +0300] [6272] [DEBUG] [wb_service.wb_connector] Батч получен: 5000 отзывов. Всего накоплено: 5000
[2026-07-06 17:23:37 +0300] [6272] [DEBUG] [wb_service.wb_connector] Батч получен: 1401 отзывов. Всего накоплено: 6401
[2026-07-06 17:23:37 +0300] [6272] [INFO] [wb_service.wb_connector] Выгрузка завершена. nmId=386248405, всего отзывов: 6401
[2026-07-06 17:23:37 +0300] [6272] [INFO] [__main__] Фильтрация завершена: осталось 2786 отзывов из 6401 (43.5%)
[2026-07-06 17:23:37 +0300] [6272] [INFO] [__main__] N=2786 превышает порог 1000. Применяю стратифицированную выборку, целевой размер: 772
[2026-07-06 17:23:37 +0300] [6272] [INFO] [__main__] Распределение отзывов по стратам (оценкам):
[2026-07-06 17:23:37 +0300] [6272] [INFO] [__main__]   1★ :   145 (  5.2%)
[2026-07-06 17:23:37 +0300] [6272] [INFO] [__main__]   2★ :    52 (  1.9%)
[2026-07-06 17:23:37 +0300] [6272] [INFO] [__main__]   3★ :    94 (  3.4%)
[2026-07-06 17:23:37 +0300] [6272] [INFO] [__main__]   4★ :   167 (  6.0%)
[2026-07-06 17:23:37 +0300] [6272] [INFO] [__main__]   5★ :  2328 ( 83.6%)
[2026-07-06 17:23:37 +0300] [6272] [DEBUG] [__main__] Страта 1★: отобрано 40 из 145
[2026-07-06 17:23:37 +0300] [6272] [DEBUG] [__main__] Страта 2★: отобрано 14 из 52
[2026-07-06 17:23:37 +0300] [6272] [DEBUG] [__main__] Страта 3★: отобрано 26 из 94
[2026-07-06 17:23:37 +0300] [6272] [DEBUG] [__main__] Страта 4★: отобрано 46 из 167
[2026-07-06 17:23:37 +0300] [6272] [DEBUG] [__main__] Страта 5★: отобрано 645 из 2328
[2026-07-06 17:23:37 +0300] [6272] [INFO] [__main__] Итоговый размер выборки: 771
[2026-07-06 17:23:37 +0300] [6272] [INFO] [__main__] Файл сохранён: D:\Python\test_tasks\reviews_analysis\386248405_reviews.csv
[2026-07-06 17:23:37 +0300] [6272] [INFO] [__main__] ============================================================
[2026-07-06 17:23:37 +0300] [6272] [INFO] [__main__] Обработка артикула: 147866642
[2026-07-06 17:23:37 +0300] [6272] [INFO] [__main__] ============================================================
[2026-07-06 17:23:37 +0300] [6272] [INFO] [wb_service.wb_connector] Начинаю выгрузку отзывов для nmId=147866642
[2026-07-06 17:23:39 +0300] [6272] [DEBUG] [wb_service.wb_connector] Батч получен: 5000 отзывов. Всего накоплено: 5000
[2026-07-06 17:23:42 +0300] [6272] [DEBUG] [wb_service.wb_connector] Батч получен: 3709 отзывов. Всего накоплено: 8709
[2026-07-06 17:23:42 +0300] [6272] [INFO] [wb_service.wb_connector] Выгрузка завершена. nmId=147866642, всего отзывов: 8709
[2026-07-06 17:23:42 +0300] [6272] [INFO] [__main__] Фильтрация завершена: осталось 1832 отзывов из 8709 (21.0%)
[2026-07-06 17:23:42 +0300] [6272] [INFO] [__main__] N=1832 превышает порог 1000. Применяю стратифицированную выборку, целевой размер: 675
[2026-07-06 17:23:42 +0300] [6272] [INFO] [__main__] Распределение отзывов по стратам (оценкам):
[2026-07-06 17:23:42 +0300] [6272] [INFO] [__main__]   1★ :    70 (  3.8%)
[2026-07-06 17:23:42 +0300] [6272] [INFO] [__main__]   2★ :    23 (  1.3%)
[2026-07-06 17:23:42 +0300] [6272] [INFO] [__main__]   3★ :    83 (  4.5%)
[2026-07-06 17:23:42 +0300] [6272] [INFO] [__main__]   4★ :   158 (  8.6%)
[2026-07-06 17:23:42 +0300] [6272] [INFO] [__main__]   5★ :  1498 ( 81.8%)
[2026-07-06 17:23:42 +0300] [6272] [DEBUG] [__main__] Страта 1★: отобрано 26 из 70
[2026-07-06 17:23:42 +0300] [6272] [DEBUG] [__main__] Страта 2★: отобрано 8 из 23
[2026-07-06 17:23:42 +0300] [6272] [DEBUG] [__main__] Страта 3★: отобрано 31 из 83
[2026-07-06 17:23:42 +0300] [6272] [DEBUG] [__main__] Страта 4★: отобрано 58 из 158
[2026-07-06 17:23:42 +0300] [6272] [DEBUG] [__main__] Страта 5★: отобрано 552 из 1498
[2026-07-06 17:23:42 +0300] [6272] [INFO] [__main__] Итоговый размер выборки: 675
[2026-07-06 17:23:42 +0300] [6272] [INFO] [__main__] Файл сохранён: D:\Python\test_tasks\reviews_analysis\147866642_reviews.csv
[2026-07-06 17:23:42 +0300] [6272] [INFO] [__main__] ============================================================
[2026-07-06 17:23:42 +0300] [6272] [INFO] [__main__] Обработка артикула: 790254015
[2026-07-06 17:23:42 +0300] [6272] [INFO] [__main__] ============================================================
[2026-07-06 17:23:42 +0300] [6272] [INFO] [wb_service.wb_connector] Начинаю выгрузку отзывов для nmId=790254015
[2026-07-06 17:23:42 +0300] [6272] [DEBUG] [wb_service.wb_connector] Батч получен: 752 отзывов. Всего накоплено: 752
[2026-07-06 17:23:42 +0300] [6272] [INFO] [wb_service.wb_connector] Выгрузка завершена. nmId=790254015, всего отзывов: 752
[2026-07-06 17:23:42 +0300] [6272] [INFO] [__main__] Фильтрация завершена: осталось 334 отзывов из 752 (44.4%)
[2026-07-06 17:23:42 +0300] [6272] [INFO] [__main__] N=334 <= 1000. Беру все отзывы целиком.
[2026-07-06 17:23:42 +0300] [6272] [INFO] [__main__] Файл сохранён: D:\Python\test_tasks\reviews_analysis\790254015_reviews.csv
[2026-07-06 17:23:42 +0300] [6272] [INFO] [__main__] Pipeline завершён.
